Mon Sep 03 2018 12:56:22 GMT+0500 (Pakistan Standard Time): GET /
Mon Sep 03 2018 12:56:27 GMT+0500 (Pakistan Standard Time): GET /about
Mon Sep 03 2018 13:01:16 GMT+0500 (Pakistan Standard Time): GET /about
Mon Sep 03 2018 13:27:07 GMT+0500 (Pakistan Standard Time): GET /
Mon Sep 03 2018 13:27:53 GMT+0500 (Pakistan Standard Time): GET /maintenance.hbs
Mon Sep 03 2018 13:30:19 GMT+0500 (Pakistan Standard Time): GET /help.html
Wed Sep 05 2018 12:43:36 GMT+0500 (Pakistan Standard Time): GET /
Wed Sep 05 2018 12:43:37 GMT+0500 (Pakistan Standard Time): GET /favicon.ico
Wed Sep 05 2018 12:46:01 GMT+0500 (Pakistan Standard Time): GET /
Wed Sep 05 2018 12:46:01 GMT+0500 (Pakistan Standard Time): GET /favicon.ico
Thu Sep 06 2018 10:24:15 GMT+0500 (Pakistan Standard Time): GET /
Thu Sep 06 2018 10:24:15 GMT+0500 (Pakistan Standard Time): GET /favicon.ico
Thu Sep 06 2018 10:35:10 GMT+0500 (Pakistan Standard Time): GET /
Thu Sep 06 2018 10:35:10 GMT+0500 (Pakistan Standard Time): GET /favicon.ico
Thu Sep 06 2018 10:35:11 GMT+0500 (Pakistan Standard Time): GET /
Thu Sep 06 2018 10:35:11 GMT+0500 (Pakistan Standard Time): GET /favicon.ico
Thu Sep 06 2018 10:35:12 GMT+0500 (Pakistan Standard Time): GET /
Thu Sep 06 2018 10:35:12 GMT+0500 (Pakistan Standard Time): GET /favicon.ico
Thu Sep 06 2018 10:35:12 GMT+0500 (Pakistan Standard Time): GET /
Thu Sep 06 2018 10:35:12 GMT+0500 (Pakistan Standard Time): GET /favicon.ico
Thu Sep 06 2018 10:35:15 GMT+0500 (Pakistan Standard Time): GET /
Thu Sep 06 2018 10:35:15 GMT+0500 (Pakistan Standard Time): GET /favicon.ico
Thu Sep 06 2018 10:49:55 GMT+0500 (Pakistan Standard Time): GET /
Thu Sep 06 2018 10:49:55 GMT+0500 (Pakistan Standard Time): GET /favicon.ico
Thu Sep 06 2018 14:07:24 GMT+0500 (Pakistan Standard Time): GET /
Thu Sep 06 2018 14:07:25 GMT+0500 (Pakistan Standard Time): GET /favicon.ico
Thu Sep 06 2018 14:18:01 GMT+0500 (Pakistan Standard Time): GET /
Thu Sep 06 2018 14:18:01 GMT+0500 (Pakistan Standard Time): GET /favicon.ico
Fri Sep 07 2018 12:26:46 GMT+0500 (Pakistan Standard Time): GET /
Fri Sep 07 2018 12:26:49 GMT+0500 (Pakistan Standard Time): GET /favicon.ico
Fri Sep 07 2018 12:28:03 GMT+0500 (Pakistan Standard Time): GET /
Fri Sep 07 2018 12:28:04 GMT+0500 (Pakistan Standard Time): GET /favicon.ico
Fri Sep 07 2018 12:28:48 GMT+0500 (Pakistan Standard Time): GET /
Fri Sep 07 2018 12:28:49 GMT+0500 (Pakistan Standard Time): GET /favicon.ico
